<?xml version="1.0" encoding="UTF-8"?>
<!-- Generated by org.testng.reporters.JUnitReportReporter -->
<testsuite skipped="0" hostname="YourPC" name="org.Runner.TestRunner" tests="1" failures="0" timestamp="20 Jul 2021 16:12:12 GMT" time="62.386" errors="0">
  <testcase name="runScenario" time="62.386" classname="org.Runner.TestRunner"/>
</testsuite> <!-- org.Runner.TestRunner -->
