<?xml version="1.0" encoding="UTF-8"?>
<!-- Generated by org.testng.reporters.JUnitReportReporter -->
<testsuite skipped="0" hostname="YourPC" name="org.Runner.TestRunnerTest" tests="1" failures="0" timestamp="21 Jul 2021 07:01:59 GMT" time="0.047" errors="0">
  <testcase name="f" time="0.047" classname="org.Runner.TestRunnerTest"/>
</testsuite> <!-- org.Runner.TestRunnerTest -->
